c:\users\domlu\source\repos\hellowinbisonflexsolution\hellowinbisonflexsolution\x64\debug\vc142.pdb
c:\users\domlu\source\repos\hellowinbisonflexsolution\hellowinbisonflexsolution\x64\debug\vc142.idb
c:\users\domlu\source\repos\hellowinbisonflexsolution\hellowinbisonflexsolution\x64\debug\source.obj
c:\users\domlu\source\repos\hellowinbisonflexsolution\hellowinbisonflexsolution\x64\debug\lexer.obj
c:\users\domlu\source\repos\hellowinbisonflexsolution\hellowinbisonflexsolution\x64\debug\parser.obj
c:\users\domlu\source\repos\hellowinbisonflexsolution\hellowinbisonflexsolution\lexer.cpp
c:\users\domlu\source\repos\hellowinbisonflexsolution\hellowinbisonflexsolution\parser.cpp
c:\users\domlu\source\repos\hellowinbisonflexsolution\hellowinbisonflexsolution\parser.h
c:\users\domlu\source\repos\hellowinbisonflexsolution\x64\debug\hellowinbisonflexsolution.exe
c:\users\domlu\source\repos\hellowinbisonflexsolution\x64\debug\hellowinbisonflexsolution.ilk
c:\users\domlu\source\repos\hellowinbisonflexsolution\x64\debug\hellowinbisonflexsolution.pdb
c:\users\domlu\source\repos\hellowinbisonflexsolution\hellowinbisonflexsolution\x64\debug\hellowin.facd8aea.tlog\cl.command.1.tlog
c:\users\domlu\source\repos\hellowinbisonflexsolution\hellowinbisonflexsolution\x64\debug\hellowin.facd8aea.tlog\cl.read.1.tlog
c:\users\domlu\source\repos\hellowinbisonflexsolution\hellowinbisonflexsolution\x64\debug\hellowin.facd8aea.tlog\cl.write.1.tlog
c:\users\domlu\source\repos\hellowinbisonflexsolution\hellowinbisonflexsolution\x64\debug\hellowin.facd8aea.tlog\custombuild.command.1.tlog
c:\users\domlu\source\repos\hellowinbisonflexsolution\hellowinbisonflexsolution\x64\debug\hellowin.facd8aea.tlog\custombuild.read.1.tlog
c:\users\domlu\source\repos\hellowinbisonflexsolution\hellowinbisonflexsolution\x64\debug\hellowin.facd8aea.tlog\custombuild.write.1.tlog
c:\users\domlu\source\repos\hellowinbisonflexsolution\hellowinbisonflexsolution\x64\debug\hellowin.facd8aea.tlog\link.command.1.tlog
c:\users\domlu\source\repos\hellowinbisonflexsolution\hellowinbisonflexsolution\x64\debug\hellowin.facd8aea.tlog\link.read.1.tlog
c:\users\domlu\source\repos\hellowinbisonflexsolution\hellowinbisonflexsolution\x64\debug\hellowin.facd8aea.tlog\link.write.1.tlog
